<?xml version="1.0" encoding="UTF-8"?>
<!-- Generated by org.testng.reporters.JUnitXMLReporter -->
<testsuite ignored="0" hostname="LAPTOP-750JOEPR" failures="1" tests="3" name="Test" time="10.988" errors="0" timestamp="16 jul 2021 20:31:30 GMT">
  <testcase classname="Soap.testRunner" name="SoapTest" time="10.593"/>
  <testcase classname="Soap.testRunner2" name="singleTest" time="0.374"/>
  <testcase classname="Rest.restRunner" name="singleTest" time="0.006">
    <failure type="java.lang.NullPointerException">
      <![CDATA[java.lang.NullPointerException
at Rest.restRunner.singleTest(restRunner.java:26)
... Removed 24 stack frames]]>
    </failure>
  </testcase> <!-- singleTest -->
</testsuite> <!-- Test -->
